time="2024-11-03T21:30:03+01:00" level=warning msg="/mnt/c/Users/DELL/Hello_world/CloudProject/docker-compose.yml: the attribute `version` is obsolete, it will be ignored, please remove it to avoid potential confusion"
time="2024-11-03T21:30:11+01:00" level=warning msg="/mnt/c/Users/DELL/Hello_world/CloudProject/docker-compose.yml: the attribute `version` is obsolete, it will be ignored, please remove it to avoid potential confusion"
[Sun Nov  3 21:30:11 WAT 2024] Memory: 24.17
18.33
24.07
21.74
19.79 MB, Replicas: 5
/mnt/c/Users/DELL/Hello_world/CloudProject/autoscale_script.sh: line 66: [: 24.17
18.33
24.07
21.74
19.79: integer expression expected
/mnt/c/Users/DELL/Hello_world/CloudProject/autoscale_script.sh: line 68: [: 24.17
18.33
24.07
21.74
19.79: integer expression expected
[Sun Nov  3 21:30:11 WAT 2024] Memory usage within limits.
time="2024-11-03T21:30:42+01:00" level=warning msg="/mnt/c/Users/DELL/Hello_world/CloudProject/docker-compose.yml: the attribute `version` is obsolete, it will be ignored, please remove it to avoid potential confusion"
time="2024-11-03T21:30:46+01:00" level=warning msg="/mnt/c/Users/DELL/Hello_world/CloudProject/docker-compose.yml: the attribute `version` is obsolete, it will be ignored, please remove it to avoid potential confusion"
[Sun Nov  3 21:30:46 WAT 2024] Memory: 99.86
97.13
109.5
96.69
116.4 MB, Replicas: 5
/mnt/c/Users/DELL/Hello_world/CloudProject/autoscale_script.sh: line 66: [: 99.86
97.13
109.5
96.69
116.4: integer expression expected
/mnt/c/Users/DELL/Hello_world/CloudProject/autoscale_script.sh: line 68: [: 99.86
97.13
109.5
96.69
116.4: integer expression expected
[Sun Nov  3 21:30:46 WAT 2024] Memory usage within limits.
time="2024-11-03T21:31:17+01:00" level=warning msg="/mnt/c/Users/DELL/Hello_world/CloudProject/docker-compose.yml: the attribute `version` is obsolete, it will be ignored, please remove it to avoid potential confusion"
time="2024-11-03T21:31:21+01:00" level=warning msg="/mnt/c/Users/DELL/Hello_world/CloudProject/docker-compose.yml: the attribute `version` is obsolete, it will be ignored, please remove it to avoid potential confusion"
[Sun Nov  3 21:31:21 WAT 2024] Memory: 131.2
141.2
143
168.7
147.8 MB, Replicas: 5
/mnt/c/Users/DELL/Hello_world/CloudProject/autoscale_script.sh: line 66: [: 131.2
141.2
143
168.7
147.8: integer expression expected
/mnt/c/Users/DELL/Hello_world/CloudProject/autoscale_script.sh: line 68: [: 131.2
141.2
143
168.7
147.8: integer expression expected
[Sun Nov  3 21:31:21 WAT 2024] Memory usage within limits.
time="2024-11-03T21:31:52+01:00" level=warning msg="/mnt/c/Users/DELL/Hello_world/CloudProject/docker-compose.yml: the attribute `version` is obsolete, it will be ignored, please remove it to avoid potential confusion"
time="2024-11-03T21:31:57+01:00" level=warning msg="/mnt/c/Users/DELL/Hello_world/CloudProject/docker-compose.yml: the attribute `version` is obsolete, it will be ignored, please remove it to avoid potential confusion"
[Sun Nov  3 21:31:57 WAT 2024] Memory: 138.1
154
165.2
187.9
161.8 MB, Replicas: 5
/mnt/c/Users/DELL/Hello_world/CloudProject/autoscale_script.sh: line 66: [: 138.1
154
165.2
187.9
161.8: integer expression expected
/mnt/c/Users/DELL/Hello_world/CloudProject/autoscale_script.sh: line 68: [: 138.1
154
165.2
187.9
161.8: integer expression expected
[Sun Nov  3 21:31:57 WAT 2024] Memory usage within limits.
time="2024-11-03T21:32:27+01:00" level=warning msg="/mnt/c/Users/DELL/Hello_world/CloudProject/docker-compose.yml: the attribute `version` is obsolete, it will be ignored, please remove it to avoid potential confusion"
time="2024-11-03T21:32:30+01:00" level=warning msg="/mnt/c/Users/DELL/Hello_world/CloudProject/docker-compose.yml: the attribute `version` is obsolete, it will be ignored, please remove it to avoid potential confusion"
[Sun Nov  3 21:32:30 WAT 2024] Memory: 181.3
191.6
202.7
223
212.6 MB, Replicas: 5
/mnt/c/Users/DELL/Hello_world/CloudProject/autoscale_script.sh: line 66: [: 181.3
191.6
202.7
223
212.6: integer expression expected
/mnt/c/Users/DELL/Hello_world/CloudProject/autoscale_script.sh: line 68: [: 181.3
191.6
202.7
223
212.6: integer expression expected
[Sun Nov  3 21:32:30 WAT 2024] Memory usage within limits.
time="2024-11-03T21:33:01+01:00" level=warning msg="/mnt/c/Users/DELL/Hello_world/CloudProject/docker-compose.yml: the attribute `version` is obsolete, it will be ignored, please remove it to avoid potential confusion"
time="2024-11-03T21:33:05+01:00" level=warning msg="/mnt/c/Users/DELL/Hello_world/CloudProject/docker-compose.yml: the attribute `version` is obsolete, it will be ignored, please remove it to avoid potential confusion"
[Sun Nov  3 21:33:05 WAT 2024] Memory: 105.1
103.3
100
92.95
101.4 MB, Replicas: 5
/mnt/c/Users/DELL/Hello_world/CloudProject/autoscale_script.sh: line 66: [: 105.1
103.3
100
92.95
101.4: integer expression expected
/mnt/c/Users/DELL/Hello_world/CloudProject/autoscale_script.sh: line 68: [: 105.1
103.3
100
92.95
101.4: integer expression expected
[Sun Nov  3 21:33:05 WAT 2024] Memory usage within limits.
time="2024-11-03T21:33:35+01:00" level=warning msg="/mnt/c/Users/DELL/Hello_world/CloudProject/docker-compose.yml: the attribute `version` is obsolete, it will be ignored, please remove it to avoid potential confusion"
time="2024-11-03T21:33:39+01:00" level=warning msg="/mnt/c/Users/DELL/Hello_world/CloudProject/docker-compose.yml: the attribute `version` is obsolete, it will be ignored, please remove it to avoid potential confusion"
[Sun Nov  3 21:33:40 WAT 2024] Memory: 140.5
143.9
170.8
148.4
144.5 MB, Replicas: 5
/mnt/c/Users/DELL/Hello_world/CloudProject/autoscale_script.sh: line 66: [: 140.5
143.9
170.8
148.4
144.5: integer expression expected
/mnt/c/Users/DELL/Hello_world/CloudProject/autoscale_script.sh: line 68: [: 140.5
143.9
170.8
148.4
144.5: integer expression expected
[Sun Nov  3 21:33:40 WAT 2024] Memory usage within limits.
time="2024-11-03T21:34:11+01:00" level=warning msg="/mnt/c/Users/DELL/Hello_world/CloudProject/docker-compose.yml: the attribute `version` is obsolete, it will be ignored, please remove it to avoid potential confusion"
time="2024-11-03T21:34:14+01:00" level=warning msg="/mnt/c/Users/DELL/Hello_world/CloudProject/docker-compose.yml: the attribute `version` is obsolete, it will be ignored, please remove it to avoid potential confusion"
[Sun Nov  3 21:34:14 WAT 2024] Memory: 175.2
192.4
225.8
180.8
185.3 MB, Replicas: 5
/mnt/c/Users/DELL/Hello_world/CloudProject/autoscale_script.sh: line 66: [: 175.2
192.4
225.8
180.8
185.3: integer expression expected
/mnt/c/Users/DELL/Hello_world/CloudProject/autoscale_script.sh: line 68: [: 175.2
192.4
225.8
180.8
185.3: integer expression expected
[Sun Nov  3 21:34:14 WAT 2024] Memory usage within limits.
time="2024-11-03T21:34:44+01:00" level=warning msg="/mnt/c/Users/DELL/Hello_world/CloudProject/docker-compose.yml: the attribute `version` is obsolete, it will be ignored, please remove it to avoid potential confusion"
time="2024-11-03T21:34:47+01:00" level=warning msg="/mnt/c/Users/DELL/Hello_world/CloudProject/docker-compose.yml: the attribute `version` is obsolete, it will be ignored, please remove it to avoid potential confusion"
[Sun Nov  3 21:34:47 WAT 2024] Memory: 81.33
78.59
119.4
75.07
66.54 MB, Replicas: 5
/mnt/c/Users/DELL/Hello_world/CloudProject/autoscale_script.sh: line 66: [: 81.33
78.59
119.4
75.07
66.54: integer expression expected
/mnt/c/Users/DELL/Hello_world/CloudProject/autoscale_script.sh: line 68: [: 81.33
78.59
119.4
75.07
66.54: integer expression expected
[Sun Nov  3 21:34:47 WAT 2024] Memory usage within limits.
time="2024-11-03T21:35:18+01:00" level=warning msg="/mnt/c/Users/DELL/Hello_world/CloudProject/docker-compose.yml: the attribute `version` is obsolete, it will be ignored, please remove it to avoid potential confusion"
time="2024-11-03T21:35:21+01:00" level=warning msg="/mnt/c/Users/DELL/Hello_world/CloudProject/docker-compose.yml: the attribute `version` is obsolete, it will be ignored, please remove it to avoid potential confusion"
[Sun Nov  3 21:35:21 WAT 2024] Memory: 146.3
151.7
163.4
158.5
147.4 MB, Replicas: 5
/mnt/c/Users/DELL/Hello_world/CloudProject/autoscale_script.sh: line 66: [: 146.3
151.7
163.4
158.5
147.4: integer expression expected
/mnt/c/Users/DELL/Hello_world/CloudProject/autoscale_script.sh: line 68: [: 146.3
151.7
163.4
158.5
147.4: integer expression expected
[Sun Nov  3 21:35:21 WAT 2024] Memory usage within limits.
time="2024-11-03T21:35:54+01:00" level=warning msg="/mnt/c/Users/DELL/Hello_world/CloudProject/docker-compose.yml: the attribute `version` is obsolete, it will be ignored, please remove it to avoid potential confusion"
time="2024-11-03T21:36:00+01:00" level=warning msg="/mnt/c/Users/DELL/Hello_world/CloudProject/docker-compose.yml: the attribute `version` is obsolete, it will be ignored, please remove it to avoid potential confusion"
[Sun Nov  3 21:36:00 WAT 2024] Memory: 200.5
191.2
56.47
198
189.1 MB, Replicas: 5
/mnt/c/Users/DELL/Hello_world/CloudProject/autoscale_script.sh: line 66: [: 200.5
191.2
56.47
198
189.1: integer expression expected
/mnt/c/Users/DELL/Hello_world/CloudProject/autoscale_script.sh: line 68: [: 200.5
191.2
56.47
198
189.1: integer expression expected
[Sun Nov  3 21:36:00 WAT 2024] Memory usage within limits.
time="2024-11-03T21:36:30+01:00" level=warning msg="/mnt/c/Users/DELL/Hello_world/CloudProject/docker-compose.yml: the attribute `version` is obsolete, it will be ignored, please remove it to avoid potential confusion"
time="2024-11-03T21:36:33+01:00" level=warning msg="/mnt/c/Users/DELL/Hello_world/CloudProject/docker-compose.yml: the attribute `version` is obsolete, it will be ignored, please remove it to avoid potential confusion"
[Sun Nov  3 21:36:34 WAT 2024] Memory: 133.8
116.6
207.8
112.2
123.3 MB, Replicas: 5
/mnt/c/Users/DELL/Hello_world/CloudProject/autoscale_script.sh: line 66: [: 133.8
116.6
207.8
112.2
123.3: integer expression expected
/mnt/c/Users/DELL/Hello_world/CloudProject/autoscale_script.sh: line 68: [: 133.8
116.6
207.8
112.2
123.3: integer expression expected
[Sun Nov  3 21:36:34 WAT 2024] Memory usage within limits.
time="2024-11-03T21:37:04+01:00" level=warning msg="/mnt/c/Users/DELL/Hello_world/CloudProject/docker-compose.yml: the attribute `version` is obsolete, it will be ignored, please remove it to avoid potential confusion"
time="2024-11-03T21:37:07+01:00" level=warning msg="/mnt/c/Users/DELL/Hello_world/CloudProject/docker-compose.yml: the attribute `version` is obsolete, it will be ignored, please remove it to avoid potential confusion"
[Sun Nov  3 21:37:07 WAT 2024] Memory: 169.2
172.5
181.9
177.2
177.4 MB, Replicas: 5
/mnt/c/Users/DELL/Hello_world/CloudProject/autoscale_script.sh: line 66: [: 169.2
172.5
181.9
177.2
177.4: integer expression expected
/mnt/c/Users/DELL/Hello_world/CloudProject/autoscale_script.sh: line 68: [: 169.2
172.5
181.9
177.2
177.4: integer expression expected
[Sun Nov  3 21:37:07 WAT 2024] Memory usage within limits.
time="2024-11-03T21:37:37+01:00" level=warning msg="/mnt/c/Users/DELL/Hello_world/CloudProject/docker-compose.yml: the attribute `version` is obsolete, it will be ignored, please remove it to avoid potential confusion"
time="2024-11-03T21:37:40+01:00" level=warning msg="/mnt/c/Users/DELL/Hello_world/CloudProject/docker-compose.yml: the attribute `version` is obsolete, it will be ignored, please remove it to avoid potential confusion"
[Sun Nov  3 21:37:40 WAT 2024] Memory: 122.5
91.25
77.73
72.99
135.2 MB, Replicas: 5
/mnt/c/Users/DELL/Hello_world/CloudProject/autoscale_script.sh: line 66: [: 122.5
91.25
77.73
72.99
135.2: integer expression expected
/mnt/c/Users/DELL/Hello_world/CloudProject/autoscale_script.sh: line 68: [: 122.5
91.25
77.73
72.99
135.2: integer expression expected
[Sun Nov  3 21:37:41 WAT 2024] Memory usage within limits.
time="2024-11-03T21:38:11+01:00" level=warning msg="/mnt/c/Users/DELL/Hello_world/CloudProject/docker-compose.yml: the attribute `version` is obsolete, it will be ignored, please remove it to avoid potential confusion"
time="2024-11-03T21:38:14+01:00" level=warning msg="/mnt/c/Users/DELL/Hello_world/CloudProject/docker-compose.yml: the attribute `version` is obsolete, it will be ignored, please remove it to avoid potential confusion"
[Sun Nov  3 21:38:14 WAT 2024] Memory: 177
143.2
148.7
142.3
178.8 MB, Replicas: 5
/mnt/c/Users/DELL/Hello_world/CloudProject/autoscale_script.sh: line 66: [: 177
143.2
148.7
142.3
178.8: integer expression expected
/mnt/c/Users/DELL/Hello_world/CloudProject/autoscale_script.sh: line 68: [: 177
143.2
148.7
142.3
178.8: integer expression expected
[Sun Nov  3 21:38:14 WAT 2024] Memory usage within limits.
time="2024-11-03T21:38:46+01:00" level=warning msg="/mnt/c/Users/DELL/Hello_world/CloudProject/docker-compose.yml: the attribute `version` is obsolete, it will be ignored, please remove it to avoid potential confusion"
time="2024-11-03T21:38:49+01:00" level=warning msg="/mnt/c/Users/DELL/Hello_world/CloudProject/docker-compose.yml: the attribute `version` is obsolete, it will be ignored, please remove it to avoid potential confusion"
[Sun Nov  3 21:38:49 WAT 2024] Memory: 124.7
182.1
195.4
217.7
90.65 MB, Replicas: 5
/mnt/c/Users/DELL/Hello_world/CloudProject/autoscale_script.sh: line 66: [: 124.7
182.1
195.4
217.7
90.65: integer expression expected
/mnt/c/Users/DELL/Hello_world/CloudProject/autoscale_script.sh: line 68: [: 124.7
182.1
195.4
217.7
90.65: integer expression expected
[Sun Nov  3 21:38:49 WAT 2024] Memory usage within limits.
time="2024-11-03T21:39:20+01:00" level=warning msg="/mnt/c/Users/DELL/Hello_world/CloudProject/docker-compose.yml: the attribute `version` is obsolete, it will be ignored, please remove it to avoid potential confusion"
time="2024-11-03T21:39:23+01:00" level=warning msg="/mnt/c/Users/DELL/Hello_world/CloudProject/docker-compose.yml: the attribute `version` is obsolete, it will be ignored, please remove it to avoid potential confusion"
[Sun Nov  3 21:39:23 WAT 2024] Memory: 192
137.1
138.4
129.8
173.1 MB, Replicas: 5
/mnt/c/Users/DELL/Hello_world/CloudProject/autoscale_script.sh: line 66: [: 192
137.1
138.4
129.8
173.1: integer expression expected
/mnt/c/Users/DELL/Hello_world/CloudProject/autoscale_script.sh: line 68: [: 192
137.1
138.4
129.8
173.1: integer expression expected
[Sun Nov  3 21:39:23 WAT 2024] Memory usage within limits.
time="2024-11-03T21:39:54+01:00" level=warning msg="/mnt/c/Users/DELL/Hello_world/CloudProject/docker-compose.yml: the attribute `version` is obsolete, it will be ignored, please remove it to avoid potential confusion"
time="2024-11-03T21:39:57+01:00" level=warning msg="/mnt/c/Users/DELL/Hello_world/CloudProject/docker-compose.yml: the attribute `version` is obsolete, it will be ignored, please remove it to avoid potential confusion"
[Sun Nov  3 21:39:57 WAT 2024] Memory: 145.8
21.43
194.4
177.9
111.8 MB, Replicas: 5
/mnt/c/Users/DELL/Hello_world/CloudProject/autoscale_script.sh: line 66: [: 145.8
21.43
194.4
177.9
111.8: integer expression expected
/mnt/c/Users/DELL/Hello_world/CloudProject/autoscale_script.sh: line 68: [: 145.8
21.43
194.4
177.9
111.8: integer expression expected
[Sun Nov  3 21:39:57 WAT 2024] Memory usage within limits.
time="2024-11-03T21:40:28+01:00" level=warning msg="/mnt/c/Users/DELL/Hello_world/CloudProject/docker-compose.yml: the attribute `version` is obsolete, it will be ignored, please remove it to avoid potential confusion"
time="2024-11-03T21:40:31+01:00" level=warning msg="/mnt/c/Users/DELL/Hello_world/CloudProject/docker-compose.yml: the attribute `version` is obsolete, it will be ignored, please remove it to avoid potential confusion"
[Sun Nov  3 21:40:31 WAT 2024] Memory: 198.9
152.3
87.27
110.2
186.6 MB, Replicas: 5
/mnt/c/Users/DELL/Hello_world/CloudProject/autoscale_script.sh: line 66: [: 198.9
152.3
87.27
110.2
186.6: integer expression expected
/mnt/c/Users/DELL/Hello_world/CloudProject/autoscale_script.sh: line 68: [: 198.9
152.3
87.27
110.2
186.6: integer expression expected
[Sun Nov  3 21:40:31 WAT 2024] Memory usage within limits.
time="2024-11-03T21:41:01+01:00" level=warning msg="/mnt/c/Users/DELL/Hello_world/CloudProject/docker-compose.yml: the attribute `version` is obsolete, it will be ignored, please remove it to avoid potential confusion"
time="2024-11-03T21:41:05+01:00" level=warning msg="/mnt/c/Users/DELL/Hello_world/CloudProject/docker-compose.yml: the attribute `version` is obsolete, it will be ignored, please remove it to avoid potential confusion"
[Sun Nov  3 21:41:05 WAT 2024] Memory: 147.4
3.41
165
166.2
135.9 MB, Replicas: 5
/mnt/c/Users/DELL/Hello_world/CloudProject/autoscale_script.sh: line 66: [: 147.4
3.41
165
166.2
135.9: integer expression expected
/mnt/c/Users/DELL/Hello_world/CloudProject/autoscale_script.sh: line 68: [: 147.4
3.41
165
166.2
135.9: integer expression expected
[Sun Nov  3 21:41:05 WAT 2024] Memory usage within limits.
time="2024-11-03T21:41:36+01:00" level=warning msg="/mnt/c/Users/DELL/Hello_world/CloudProject/docker-compose.yml: the attribute `version` is obsolete, it will be ignored, please remove it to avoid potential confusion"
time="2024-11-03T21:41:39+01:00" level=warning msg="/mnt/c/Users/DELL/Hello_world/CloudProject/docker-compose.yml: the attribute `version` is obsolete, it will be ignored, please remove it to avoid potential confusion"
[Sun Nov  3 21:41:39 WAT 2024] Memory: 200.5
148.1
119.2
120.2
187.8 MB, Replicas: 5
/mnt/c/Users/DELL/Hello_world/CloudProject/autoscale_script.sh: line 66: [: 200.5
148.1
119.2
120.2
187.8: integer expression expected
/mnt/c/Users/DELL/Hello_world/CloudProject/autoscale_script.sh: line 68: [: 200.5
148.1
119.2
120.2
187.8: integer expression expected
[Sun Nov  3 21:41:39 WAT 2024] Memory usage within limits.
time="2024-11-03T21:42:10+01:00" level=warning msg="/mnt/c/Users/DELL/Hello_world/CloudProject/docker-compose.yml: the attribute `version` is obsolete, it will be ignored, please remove it to avoid potential confusion"
time="2024-11-03T21:42:14+01:00" level=warning msg="/mnt/c/Users/DELL/Hello_world/CloudProject/docker-compose.yml: the attribute `version` is obsolete, it will be ignored, please remove it to avoid potential confusion"
[Sun Nov  3 21:42:15 WAT 2024] Memory: 130
0
188.8
194.7
128.9 MB, Replicas: 5
/mnt/c/Users/DELL/Hello_world/CloudProject/autoscale_script.sh: line 66: [: 130
0
188.8
194.7
128.9: integer expression expected
/mnt/c/Users/DELL/Hello_world/CloudProject/autoscale_script.sh: line 68: [: 130
0
188.8
194.7
128.9: integer expression expected
[Sun Nov  3 21:42:15 WAT 2024] Memory usage within limits.
time="2024-11-03T21:42:46+01:00" level=warning msg="/mnt/c/Users/DELL/Hello_world/CloudProject/docker-compose.yml: the attribute `version` is obsolete, it will be ignored, please remove it to avoid potential confusion"
time="2024-11-03T21:42:50+01:00" level=warning msg="/mnt/c/Users/DELL/Hello_world/CloudProject/docker-compose.yml: the attribute `version` is obsolete, it will be ignored, please remove it to avoid potential confusion"
[Sun Nov  3 21:42:50 WAT 2024] Memory: 181.9
196.2
41.99
29.27
194.8 MB, Replicas: 5
/mnt/c/Users/DELL/Hello_world/CloudProject/autoscale_script.sh: line 66: [: 181.9
196.2
41.99
29.27
194.8: integer expression expected
/mnt/c/Users/DELL/Hello_world/CloudProject/autoscale_script.sh: line 68: [: 181.9
196.2
41.99
29.27
194.8: integer expression expected
[Sun Nov  3 21:42:50 WAT 2024] Memory usage within limits.
time="2024-11-03T21:43:21+01:00" level=warning msg="/mnt/c/Users/DELL/Hello_world/CloudProject/docker-compose.yml: the attribute `version` is obsolete, it will be ignored, please remove it to avoid potential confusion"
time="2024-11-03T21:43:29+01:00" level=warning msg="/mnt/c/Users/DELL/Hello_world/CloudProject/docker-compose.yml: the attribute `version` is obsolete, it will be ignored, please remove it to avoid potential confusion"
[Sun Nov  3 21:43:30 WAT 2024] Memory: 97.34
4.086
130.2
153.4
95.76 MB, Replicas: 5
/mnt/c/Users/DELL/Hello_world/CloudProject/autoscale_script.sh: line 66: [: 97.34
4.086
130.2
153.4
95.76: integer expression expected
/mnt/c/Users/DELL/Hello_world/CloudProject/autoscale_script.sh: line 68: [: 97.34
4.086
130.2
153.4
95.76: integer expression expected
[Sun Nov  3 21:43:30 WAT 2024] Memory usage within limits.
time="2024-11-03T21:44:01+01:00" level=warning msg="/mnt/c/Users/DELL/Hello_world/CloudProject/docker-compose.yml: the attribute `version` is obsolete, it will be ignored, please remove it to avoid potential confusion"
time="2024-11-03T21:44:04+01:00" level=warning msg="/mnt/c/Users/DELL/Hello_world/CloudProject/docker-compose.yml: the attribute `version` is obsolete, it will be ignored, please remove it to avoid potential confusion"
[Sun Nov  3 21:44:04 WAT 2024] Memory: 187.6
133.6
172.4
190
168.8 MB, Replicas: 5
/mnt/c/Users/DELL/Hello_world/CloudProject/autoscale_script.sh: line 66: [: 187.6
133.6
172.4
190
168.8: integer expression expected
/mnt/c/Users/DELL/Hello_world/CloudProject/autoscale_script.sh: line 68: [: 187.6
133.6
172.4
190
168.8: integer expression expected
[Sun Nov  3 21:44:05 WAT 2024] Memory usage within limits.
time="2024-11-03T21:44:35+01:00" level=warning msg="/mnt/c/Users/DELL/Hello_world/CloudProject/docker-compose.yml: the attribute `version` is obsolete, it will be ignored, please remove it to avoid potential confusion"
time="2024-11-03T21:44:38+01:00" level=warning msg="/mnt/c/Users/DELL/Hello_world/CloudProject/docker-compose.yml: the attribute `version` is obsolete, it will be ignored, please remove it to avoid potential confusion"
[Sun Nov  3 21:44:38 WAT 2024] Memory: 133.5
195.4
119.6
167.6
117.1 MB, Replicas: 5
/mnt/c/Users/DELL/Hello_world/CloudProject/autoscale_script.sh: line 66: [: 133.5
195.4
119.6
167.6
117.1: integer expression expected
/mnt/c/Users/DELL/Hello_world/CloudProject/autoscale_script.sh: line 68: [: 133.5
195.4
119.6
167.6
117.1: integer expression expected
[Sun Nov  3 21:44:38 WAT 2024] Memory usage within limits.
time="2024-11-03T21:45:01+01:00" level=warning msg="/mnt/c/Users/DELL/Hello_world/CloudProject/docker-compose.yml: the attribute `version` is obsolete, it will be ignored, please remove it to avoid potential confusion"
time="2024-11-03T21:45:04+01:00" level=warning msg="/mnt/c/Users/DELL/Hello_world/CloudProject/docker-compose.yml: the attribute `version` is obsolete, it will be ignored, please remove it to avoid potential confusion"
[Sun Nov  3 21:45:04 WAT 2024] Memory: 160.4
97.61
163.9
192.1
169.4 MB, Replicas: 5
/mnt/c/Users/DELL/Hello_world/CloudProject/autoscale_script.sh: line 66: [: 160.4
97.61
163.9
192.1
169.4: integer expression expected
/mnt/c/Users/DELL/Hello_world/CloudProject/autoscale_script.sh: line 68: [: 160.4
97.61
163.9
192.1
169.4: integer expression expected
[Sun Nov  3 21:45:04 WAT 2024] Memory usage within limits.
time="2024-11-03T21:45:08+01:00" level=warning msg="/mnt/c/Users/DELL/Hello_world/CloudProject/docker-compose.yml: the attribute `version` is obsolete, it will be ignored, please remove it to avoid potential confusion"
time="2024-11-03T21:45:12+01:00" level=warning msg="/mnt/c/Users/DELL/Hello_world/CloudProject/docker-compose.yml: the attribute `version` is obsolete, it will be ignored, please remove it to avoid potential confusion"
[Sun Nov  3 21:45:12 WAT 2024] Memory: 158.3
119.3
174.7
192.1
184.5 MB, Replicas: 5
/mnt/c/Users/DELL/Hello_world/CloudProject/autoscale_script.sh: line 66: [: 158.3
119.3
174.7
192.1
184.5: integer expression expected
/mnt/c/Users/DELL/Hello_world/CloudProject/autoscale_script.sh: line 68: [: 158.3
119.3
174.7
192.1
184.5: integer expression expected
[Sun Nov  3 21:45:12 WAT 2024] Memory usage within limits.
time="2024-11-03T21:45:35+01:00" level=warning msg="/mnt/c/Users/DELL/Hello_world/CloudProject/docker-compose.yml: the attribute `version` is obsolete, it will be ignored, please remove it to avoid potential confusion"
time="2024-11-03T21:45:39+01:00" level=warning msg="/mnt/c/Users/DELL/Hello_world/CloudProject/docker-compose.yml: the attribute `version` is obsolete, it will be ignored, please remove it to avoid potential confusion"
[Sun Nov  3 21:45:39 WAT 2024] Memory: 3.219
165
67.8
145.1
25.34 MB, Replicas: 5
/mnt/c/Users/DELL/Hello_world/CloudProject/autoscale_script.sh: line 66: [: 3.219
165
67.8
145.1
25.34: integer expression expected
/mnt/c/Users/DELL/Hello_world/CloudProject/autoscale_script.sh: line 68: [: 3.219
165
67.8
145.1
25.34: integer expression expected
[Sun Nov  3 21:45:39 WAT 2024] Memory usage within limits.
time="2024-11-03T21:45:42+01:00" level=warning msg="/mnt/c/Users/DELL/Hello_world/CloudProject/docker-compose.yml: the attribute `version` is obsolete, it will be ignored, please remove it to avoid potential confusion"
time="2024-11-03T21:45:46+01:00" level=warning msg="/mnt/c/Users/DELL/Hello_world/CloudProject/docker-compose.yml: the attribute `version` is obsolete, it will be ignored, please remove it to avoid potential confusion"
[Sun Nov  3 21:45:46 WAT 2024] Memory: 54.02
178.7
105.7
145
81.74 MB, Replicas: 5
/mnt/c/Users/DELL/Hello_world/CloudProject/autoscale_script.sh: line 66: [: 54.02
178.7
105.7
145
81.74: integer expression expected
/mnt/c/Users/DELL/Hello_world/CloudProject/autoscale_script.sh: line 68: [: 54.02
178.7
105.7
145
81.74: integer expression expected
[Sun Nov  3 21:45:46 WAT 2024] Memory usage within limits.
time="2024-11-03T21:46:09+01:00" level=warning msg="/mnt/c/Users/DELL/Hello_world/CloudProject/docker-compose.yml: the attribute `version` is obsolete, it will be ignored, please remove it to avoid potential confusion"
time="2024-11-03T21:46:12+01:00" level=warning msg="/mnt/c/Users/DELL/Hello_world/CloudProject/docker-compose.yml: the attribute `version` is obsolete, it will be ignored, please remove it to avoid potential confusion"
[Sun Nov  3 21:46:12 WAT 2024] Memory: 129.8
113.6
145.4
195.2
137.7 MB, Replicas: 5
/mnt/c/Users/DELL/Hello_world/CloudProject/autoscale_script.sh: line 66: [: 129.8
113.6
145.4
195.2
137.7: integer expression expected
/mnt/c/Users/DELL/Hello_world/CloudProject/autoscale_script.sh: line 68: [: 129.8
113.6
145.4
195.2
137.7: integer expression expected
[Sun Nov  3 21:46:12 WAT 2024] Memory usage within limits.
time="2024-11-03T21:46:16+01:00" level=warning msg="/mnt/c/Users/DELL/Hello_world/CloudProject/docker-compose.yml: the attribute `version` is obsolete, it will be ignored, please remove it to avoid potential confusion"
time="2024-11-03T21:46:20+01:00" level=warning msg="/mnt/c/Users/DELL/Hello_world/CloudProject/docker-compose.yml: the attribute `version` is obsolete, it will be ignored, please remove it to avoid potential confusion"
[Sun Nov  3 21:46:20 WAT 2024] Memory: 153
140
162.2
32.38
159.4 MB, Replicas: 5
/mnt/c/Users/DELL/Hello_world/CloudProject/autoscale_script.sh: line 66: [: 153
140
162.2
32.38
159.4: integer expression expected
/mnt/c/Users/DELL/Hello_world/CloudProject/autoscale_script.sh: line 68: [: 153
140
162.2
32.38
159.4: integer expression expected
[Sun Nov  3 21:46:20 WAT 2024] Memory usage within limits.
time="2024-11-03T21:46:43+01:00" level=warning msg="/mnt/c/Users/DELL/Hello_world/CloudProject/docker-compose.yml: the attribute `version` is obsolete, it will be ignored, please remove it to avoid potential confusion"
time="2024-11-03T21:46:46+01:00" level=warning msg="/mnt/c/Users/DELL/Hello_world/CloudProject/docker-compose.yml: the attribute `version` is obsolete, it will be ignored, please remove it to avoid potential confusion"
[Sun Nov  3 21:46:47 WAT 2024] Memory: 200.8
173.1
38.68
147.2
195.5 MB, Replicas: 5
/mnt/c/Users/DELL/Hello_world/CloudProject/autoscale_script.sh: line 66: [: 200.8
173.1
38.68
147.2
195.5: integer expression expected
/mnt/c/Users/DELL/Hello_world/CloudProject/autoscale_script.sh: line 68: [: 200.8
173.1
38.68
147.2
195.5: integer expression expected
[Sun Nov  3 21:46:47 WAT 2024] Memory usage within limits.
time="2024-11-03T21:46:51+01:00" level=warning msg="/mnt/c/Users/DELL/Hello_world/CloudProject/docker-compose.yml: the attribute `version` is obsolete, it will be ignored, please remove it to avoid potential confusion"
time="2024-11-03T21:46:58+01:00" level=warning msg="/mnt/c/Users/DELL/Hello_world/CloudProject/docker-compose.yml: the attribute `version` is obsolete, it will be ignored, please remove it to avoid potential confusion"
[Sun Nov  3 21:46:59 WAT 2024] Memory: 35.43
189.7
91.44
165.3
0 MB, Replicas: 5
/mnt/c/Users/DELL/Hello_world/CloudProject/autoscale_script.sh: line 66: [: 35.43
189.7
91.44
165.3
0: integer expression expected
/mnt/c/Users/DELL/Hello_world/CloudProject/autoscale_script.sh: line 68: [: 35.43
189.7
91.44
165.3
0: integer expression expected
[Sun Nov  3 21:46:59 WAT 2024] Memory usage within limits.
time="2024-11-03T21:47:17+01:00" level=warning msg="/mnt/c/Users/DELL/Hello_world/CloudProject/docker-compose.yml: the attribute `version` is obsolete, it will be ignored, please remove it to avoid potential confusion"
time="2024-11-03T21:47:20+01:00" level=warning msg="/mnt/c/Users/DELL/Hello_world/CloudProject/docker-compose.yml: the attribute `version` is obsolete, it will be ignored, please remove it to avoid potential confusion"
[Sun Nov  3 21:47:20 WAT 2024] Memory: 142.8
68.89
139.4
193.9
133.6 MB, Replicas: 5
/mnt/c/Users/DELL/Hello_world/CloudProject/autoscale_script.sh: line 66: [: 142.8
68.89
139.4
193.9
133.6: integer expression expected
/mnt/c/Users/DELL/Hello_world/CloudProject/autoscale_script.sh: line 68: [: 142.8
68.89
139.4
193.9
133.6: integer expression expected
[Sun Nov  3 21:47:20 WAT 2024] Memory usage within limits.
time="2024-11-03T21:47:29+01:00" level=warning msg="/mnt/c/Users/DELL/Hello_world/CloudProject/docker-compose.yml: the attribute `version` is obsolete, it will be ignored, please remove it to avoid potential confusion"
time="2024-11-03T21:47:32+01:00" level=warning msg="/mnt/c/Users/DELL/Hello_world/CloudProject/docker-compose.yml: the attribute `version` is obsolete, it will be ignored, please remove it to avoid potential confusion"
[Sun Nov  3 21:47:32 WAT 2024] Memory: 154.9
134.6
162.1
198.5
144.5 MB, Replicas: 5
/mnt/c/Users/DELL/Hello_world/CloudProject/autoscale_script.sh: line 66: [: 154.9
134.6
162.1
198.5
144.5: integer expression expected
/mnt/c/Users/DELL/Hello_world/CloudProject/autoscale_script.sh: line 68: [: 154.9
134.6
162.1
198.5
144.5: integer expression expected
[Sun Nov  3 21:47:32 WAT 2024] Memory usage within limits.
time="2024-11-03T21:47:51+01:00" level=warning msg="/mnt/c/Users/DELL/Hello_world/CloudProject/docker-compose.yml: the attribute `version` is obsolete, it will be ignored, please remove it to avoid potential confusion"
time="2024-11-03T21:47:55+01:00" level=warning msg="/mnt/c/Users/DELL/Hello_world/CloudProject/docker-compose.yml: the attribute `version` is obsolete, it will be ignored, please remove it to avoid potential confusion"
[Sun Nov  3 21:47:55 WAT 2024] Memory: 187.7
169.1
219.4
134.6
187.3 MB, Replicas: 5
/mnt/c/Users/DELL/Hello_world/CloudProject/autoscale_script.sh: line 66: [: 187.7
169.1
219.4
134.6
187.3: integer expression expected
/mnt/c/Users/DELL/Hello_world/CloudProject/autoscale_script.sh: line 68: [: 187.7
169.1
219.4
134.6
187.3: integer expression expected
[Sun Nov  3 21:47:55 WAT 2024] Memory usage within limits.
time="2024-11-03T21:48:03+01:00" level=warning msg="/mnt/c/Users/DELL/Hello_world/CloudProject/docker-compose.yml: the attribute `version` is obsolete, it will be ignored, please remove it to avoid potential confusion"
time="2024-11-03T21:48:08+01:00" level=warning msg="/mnt/c/Users/DELL/Hello_world/CloudProject/docker-compose.yml: the attribute `version` is obsolete, it will be ignored, please remove it to avoid potential confusion"
[Sun Nov  3 21:48:09 WAT 2024] Memory: 205
169.2
0
147.4
0 MB, Replicas: 5
/mnt/c/Users/DELL/Hello_world/CloudProject/autoscale_script.sh: line 66: [: 205
169.2
0
147.4
0: integer expression expected
/mnt/c/Users/DELL/Hello_world/CloudProject/autoscale_script.sh: line 68: [: 205
169.2
0
147.4
0: integer expression expected
[Sun Nov  3 21:48:09 WAT 2024] Memory usage within limits.
time="2024-11-03T21:48:25+01:00" level=warning msg="/mnt/c/Users/DELL/Hello_world/CloudProject/docker-compose.yml: the attribute `version` is obsolete, it will be ignored, please remove it to avoid potential confusion"
time="2024-11-03T21:48:31+01:00" level=warning msg="/mnt/c/Users/DELL/Hello_world/CloudProject/docker-compose.yml: the attribute `version` is obsolete, it will be ignored, please remove it to avoid potential confusion"
[Sun Nov  3 21:48:31 WAT 2024] Memory: 114.4
4.695
133.4
174.1
139.2 MB, Replicas: 5
/mnt/c/Users/DELL/Hello_world/CloudProject/autoscale_script.sh: line 66: [: 114.4
4.695
133.4
174.1
139.2: integer expression expected
/mnt/c/Users/DELL/Hello_world/CloudProject/autoscale_script.sh: line 68: [: 114.4
4.695
133.4
174.1
139.2: integer expression expected
[Sun Nov  3 21:48:31 WAT 2024] Memory usage within limits.
time="2024-11-03T21:48:40+01:00" level=warning msg="/mnt/c/Users/DELL/Hello_world/CloudProject/docker-compose.yml: the attribute `version` is obsolete, it will be ignored, please remove it to avoid potential confusion"
time="2024-11-03T21:48:43+01:00" level=warning msg="/mnt/c/Users/DELL/Hello_world/CloudProject/docker-compose.yml: the attribute `version` is obsolete, it will be ignored, please remove it to avoid potential confusion"
[Sun Nov  3 21:48:43 WAT 2024] Memory: 153.8
65.84
131.9
214.8
136.1 MB, Replicas: 5
/mnt/c/Users/DELL/Hello_world/CloudProject/autoscale_script.sh: line 66: [: 153.8
65.84
131.9
214.8
136.1: integer expression expected
/mnt/c/Users/DELL/Hello_world/CloudProject/autoscale_script.sh: line 68: [: 153.8
65.84
131.9
214.8
136.1: integer expression expected
[Sun Nov  3 21:48:43 WAT 2024] Memory usage within limits.
time="2024-11-03T21:49:01+01:00" level=warning msg="/mnt/c/Users/DELL/Hello_world/CloudProject/docker-compose.yml: the attribute `version` is obsolete, it will be ignored, please remove it to avoid potential confusion"
time="2024-11-03T21:49:04+01:00" level=warning msg="/mnt/c/Users/DELL/Hello_world/CloudProject/docker-compose.yml: the attribute `version` is obsolete, it will be ignored, please remove it to avoid potential confusion"
[Sun Nov  3 21:49:04 WAT 2024] Memory: 163.8
143.7
161.3
66.76
176.3 MB, Replicas: 5
/mnt/c/Users/DELL/Hello_world/CloudProject/autoscale_script.sh: line 66: [: 163.8
143.7
161.3
66.76
176.3: integer expression expected
/mnt/c/Users/DELL/Hello_world/CloudProject/autoscale_script.sh: line 68: [: 163.8
143.7
161.3
66.76
176.3: integer expression expected
[Sun Nov  3 21:49:04 WAT 2024] Memory usage within limits.
time="2024-11-03T21:49:13+01:00" level=warning msg="/mnt/c/Users/DELL/Hello_world/CloudProject/docker-compose.yml: the attribute `version` is obsolete, it will be ignored, please remove it to avoid potential confusion"
time="2024-11-03T21:49:16+01:00" level=warning msg="/mnt/c/Users/DELL/Hello_world/CloudProject/docker-compose.yml: the attribute `version` is obsolete, it will be ignored, please remove it to avoid potential confusion"
[Sun Nov  3 21:49:17 WAT 2024] Memory: 174.1
179.2
182.1
121.9
193.9 MB, Replicas: 5
/mnt/c/Users/DELL/Hello_world/CloudProject/autoscale_script.sh: line 66: [: 174.1
179.2
182.1
121.9
193.9: integer expression expected
/mnt/c/Users/DELL/Hello_world/CloudProject/autoscale_script.sh: line 68: [: 174.1
179.2
182.1
121.9
193.9: integer expression expected
[Sun Nov  3 21:49:17 WAT 2024] Memory usage within limits.
time="2024-11-03T21:49:35+01:00" level=warning msg="/mnt/c/Users/DELL/Hello_world/CloudProject/docker-compose.yml: the attribute `version` is obsolete, it will be ignored, please remove it to avoid potential confusion"
time="2024-11-03T21:49:38+01:00" level=warning msg="/mnt/c/Users/DELL/Hello_world/CloudProject/docker-compose.yml: the attribute `version` is obsolete, it will be ignored, please remove it to avoid potential confusion"
[Sun Nov  3 21:49:38 WAT 2024] Memory: 92.62
214.6
111.6
181.3
112.8 MB, Replicas: 5
/mnt/c/Users/DELL/Hello_world/CloudProject/autoscale_script.sh: line 66: [: 92.62
214.6
111.6
181.3
112.8: integer expression expected
/mnt/c/Users/DELL/Hello_world/CloudProject/autoscale_script.sh: line 68: [: 92.62
214.6
111.6
181.3
112.8: integer expression expected
[Sun Nov  3 21:49:38 WAT 2024] Memory usage within limits.
time="2024-11-03T21:49:47+01:00" level=warning msg="/mnt/c/Users/DELL/Hello_world/CloudProject/docker-compose.yml: the attribute `version` is obsolete, it will be ignored, please remove it to avoid potential confusion"
time="2024-11-03T21:49:50+01:00" level=warning msg="/mnt/c/Users/DELL/Hello_world/CloudProject/docker-compose.yml: the attribute `version` is obsolete, it will be ignored, please remove it to avoid potential confusion"
[Sun Nov  3 21:49:50 WAT 2024] Memory: 135.9
87.29
129.2
187.9
143.1 MB, Replicas: 5
/mnt/c/Users/DELL/Hello_world/CloudProject/autoscale_script.sh: line 66: [: 135.9
87.29
129.2
187.9
143.1: integer expression expected
/mnt/c/Users/DELL/Hello_world/CloudProject/autoscale_script.sh: line 68: [: 135.9
87.29
129.2
187.9
143.1: integer expression expected
[Sun Nov  3 21:49:50 WAT 2024] Memory usage within limits.
time="2024-11-03T21:50:08+01:00" level=warning msg="/mnt/c/Users/DELL/Hello_world/CloudProject/docker-compose.yml: the attribute `version` is obsolete, it will be ignored, please remove it to avoid potential confusion"
time="2024-11-03T21:50:11+01:00" level=warning msg="/mnt/c/Users/DELL/Hello_world/CloudProject/docker-compose.yml: the attribute `version` is obsolete, it will be ignored, please remove it to avoid potential confusion"
[Sun Nov  3 21:50:11 WAT 2024] Memory: 162.9
182.6
180.1
130.8
173 MB, Replicas: 5
/mnt/c/Users/DELL/Hello_world/CloudProject/autoscale_script.sh: line 66: [: 162.9
182.6
180.1
130.8
173: integer expression expected
/mnt/c/Users/DELL/Hello_world/CloudProject/autoscale_script.sh: line 68: [: 162.9
182.6
180.1
130.8
173: integer expression expected
[Sun Nov  3 21:50:11 WAT 2024] Memory usage within limits.
time="2024-11-03T21:50:20+01:00" level=warning msg="/mnt/c/Users/DELL/Hello_world/CloudProject/docker-compose.yml: the attribute `version` is obsolete, it will be ignored, please remove it to avoid potential confusion"
time="2024-11-03T21:50:26+01:00" level=warning msg="/mnt/c/Users/DELL/Hello_world/CloudProject/docker-compose.yml: the attribute `version` is obsolete, it will be ignored, please remove it to avoid potential confusion"
[Sun Nov  3 21:50:26 WAT 2024] Memory: 17.99
211.8
38.66
178.2
51.86 MB, Replicas: 5
/mnt/c/Users/DELL/Hello_world/CloudProject/autoscale_script.sh: line 66: [: 17.99
211.8
38.66
178.2
51.86: integer expression expected
/mnt/c/Users/DELL/Hello_world/CloudProject/autoscale_script.sh: line 68: [: 17.99
211.8
38.66
178.2
51.86: integer expression expected
[Sun Nov  3 21:50:26 WAT 2024] Memory usage within limits.
time="2024-11-03T21:50:41+01:00" level=warning msg="/mnt/c/Users/DELL/Hello_world/CloudProject/docker-compose.yml: the attribute `version` is obsolete, it will be ignored, please remove it to avoid potential confusion"
time="2024-11-03T21:50:44+01:00" level=warning msg="/mnt/c/Users/DELL/Hello_world/CloudProject/docker-compose.yml: the attribute `version` is obsolete, it will be ignored, please remove it to avoid potential confusion"
[Sun Nov  3 21:50:45 WAT 2024] Memory: 135.1
98.34
137.2
250.4
121.8 MB, Replicas: 5
/mnt/c/Users/DELL/Hello_world/CloudProject/autoscale_script.sh: line 66: [: 135.1
98.34
137.2
250.4
121.8: integer expression expected
/mnt/c/Users/DELL/Hello_world/CloudProject/autoscale_script.sh: line 68: [: 135.1
98.34
137.2
250.4
121.8: integer expression expected
[Sun Nov  3 21:50:45 WAT 2024] Memory usage within limits.
time="2024-11-03T21:50:56+01:00" level=warning msg="/mnt/c/Users/DELL/Hello_world/CloudProject/docker-compose.yml: the attribute `version` is obsolete, it will be ignored, please remove it to avoid potential confusion"
time="2024-11-03T21:50:59+01:00" level=warning msg="/mnt/c/Users/DELL/Hello_world/CloudProject/docker-compose.yml: the attribute `version` is obsolete, it will be ignored, please remove it to avoid potential confusion"
[Sun Nov  3 21:50:59 WAT 2024] Memory: 151.6
139.7
156.9
56.38
177.1 MB, Replicas: 5
/mnt/c/Users/DELL/Hello_world/CloudProject/autoscale_script.sh: line 66: [: 151.6
139.7
156.9
56.38
177.1: integer expression expected
/mnt/c/Users/DELL/Hello_world/CloudProject/autoscale_script.sh: line 68: [: 151.6
139.7
156.9
56.38
177.1: integer expression expected
[Sun Nov  3 21:50:59 WAT 2024] Memory usage within limits.
time="2024-11-03T21:51:15+01:00" level=warning msg="/mnt/c/Users/DELL/Hello_world/CloudProject/docker-compose.yml: the attribute `version` is obsolete, it will be ignored, please remove it to avoid potential confusion"
time="2024-11-03T21:51:19+01:00" level=warning msg="/mnt/c/Users/DELL/Hello_world/CloudProject/docker-compose.yml: the attribute `version` is obsolete, it will be ignored, please remove it to avoid potential confusion"
[Sun Nov  3 21:51:20 WAT 2024] Memory: 182
179.3
195.4
171.6
30.43 MB, Replicas: 5
/mnt/c/Users/DELL/Hello_world/CloudProject/autoscale_script.sh: line 66: [: 182
179.3
195.4
171.6
30.43: integer expression expected
/mnt/c/Users/DELL/Hello_world/CloudProject/autoscale_script.sh: line 68: [: 182
179.3
195.4
171.6
30.43: integer expression expected
[Sun Nov  3 21:51:20 WAT 2024] Memory usage within limits.
time="2024-11-03T21:51:30+01:00" level=warning msg="/mnt/c/Users/DELL/Hello_world/CloudProject/docker-compose.yml: the attribute `version` is obsolete, it will be ignored, please remove it to avoid potential confusion"
time="2024-11-03T21:51:33+01:00" level=warning msg="/mnt/c/Users/DELL/Hello_world/CloudProject/docker-compose.yml: the attribute `version` is obsolete, it will be ignored, please remove it to avoid potential confusion"
[Sun Nov  3 21:51:33 WAT 2024] Memory: 80.29
42.17
124.2
178.4
118.7 MB, Replicas: 5
/mnt/c/Users/DELL/Hello_world/CloudProject/autoscale_script.sh: line 66: [: 80.29
42.17
124.2
178.4
118.7: integer expression expected
/mnt/c/Users/DELL/Hello_world/CloudProject/autoscale_script.sh: line 68: [: 80.29
42.17
124.2
178.4
118.7: integer expression expected
[Sun Nov  3 21:51:33 WAT 2024] Memory usage within limits.
time="2024-11-03T21:51:50+01:00" level=warning msg="/mnt/c/Users/DELL/Hello_world/CloudProject/docker-compose.yml: the attribute `version` is obsolete, it will be ignored, please remove it to avoid potential confusion"
time="2024-11-03T21:51:53+01:00" level=warning msg="/mnt/c/Users/DELL/Hello_world/CloudProject/docker-compose.yml: the attribute `version` is obsolete, it will be ignored, please remove it to avoid potential confusion"
[Sun Nov  3 21:51:53 WAT 2024] Memory: 135.4
138.4
144.8
62.23
141.7 MB, Replicas: 5
/mnt/c/Users/DELL/Hello_world/CloudProject/autoscale_script.sh: line 66: [: 135.4
138.4
144.8
62.23
141.7: integer expression expected
/mnt/c/Users/DELL/Hello_world/CloudProject/autoscale_script.sh: line 68: [: 135.4
138.4
144.8
62.23
141.7: integer expression expected
[Sun Nov  3 21:51:53 WAT 2024] Memory usage within limits.
time="2024-11-03T21:52:03+01:00" level=warning msg="/mnt/c/Users/DELL/Hello_world/CloudProject/docker-compose.yml: the attribute `version` is obsolete, it will be ignored, please remove it to avoid potential confusion"
time="2024-11-03T21:52:06+01:00" level=warning msg="/mnt/c/Users/DELL/Hello_world/CloudProject/docker-compose.yml: the attribute `version` is obsolete, it will be ignored, please remove it to avoid potential confusion"
[Sun Nov  3 21:52:06 WAT 2024] Memory: 171.9
163.6
173.9
143.8
171.1 MB, Replicas: 5
/mnt/c/Users/DELL/Hello_world/CloudProject/autoscale_script.sh: line 66: [: 171.9
163.6
173.9
143.8
171.1: integer expression expected
/mnt/c/Users/DELL/Hello_world/CloudProject/autoscale_script.sh: line 68: [: 171.9
163.6
173.9
143.8
171.1: integer expression expected
[Sun Nov  3 21:52:06 WAT 2024] Memory usage within limits.
time="2024-11-03T21:52:25+01:00" level=warning msg="/mnt/c/Users/DELL/Hello_world/CloudProject/docker-compose.yml: the attribute `version` is obsolete, it will be ignored, please remove it to avoid potential confusion"
time="2024-11-03T21:52:32+01:00" level=warning msg="/mnt/c/Users/DELL/Hello_world/CloudProject/docker-compose.yml: the attribute `version` is obsolete, it will be ignored, please remove it to avoid potential confusion"
[Sun Nov  3 21:52:33 WAT 2024] Memory: 17.95
209.4
46.51
189.4
49 MB, Replicas: 5
/mnt/c/Users/DELL/Hello_world/CloudProject/autoscale_script.sh: line 66: [: 17.95
209.4
46.51
189.4
49: integer expression expected
/mnt/c/Users/DELL/Hello_world/CloudProject/autoscale_script.sh: line 68: [: 17.95
209.4
46.51
189.4
49: integer expression expected
[Sun Nov  3 21:52:33 WAT 2024] Memory usage within limits.
time="2024-11-03T21:52:37+01:00" level=warning msg="/mnt/c/Users/DELL/Hello_world/CloudProject/docker-compose.yml: the attribute `version` is obsolete, it will be ignored, please remove it to avoid potential confusion"
time="2024-11-03T21:52:40+01:00" level=warning msg="/mnt/c/Users/DELL/Hello_world/CloudProject/docker-compose.yml: the attribute `version` is obsolete, it will be ignored, please remove it to avoid potential confusion"
[Sun Nov  3 21:52:40 WAT 2024] Memory: 63.62
209.4
91.43
193.5
101 MB, Replicas: 5
/mnt/c/Users/DELL/Hello_world/CloudProject/autoscale_script.sh: line 66: [: 63.62
209.4
91.43
193.5
101: integer expression expected
/mnt/c/Users/DELL/Hello_world/CloudProject/autoscale_script.sh: line 68: [: 63.62
209.4
91.43
193.5
101: integer expression expected
[Sun Nov  3 21:52:40 WAT 2024] Memory usage within limits.
time="2024-11-03T21:53:03+01:00" level=warning msg="/mnt/c/Users/DELL/Hello_world/CloudProject/docker-compose.yml: the attribute `version` is obsolete, it will be ignored, please remove it to avoid potential confusion"
time="2024-11-03T21:53:06+01:00" level=warning msg="/mnt/c/Users/DELL/Hello_world/CloudProject/docker-compose.yml: the attribute `version` is obsolete, it will be ignored, please remove it to avoid potential confusion"
[Sun Nov  3 21:53:06 WAT 2024] Memory: 166.4
137.5
156.4
133.3
155 MB, Replicas: 5
/mnt/c/Users/DELL/Hello_world/CloudProject/autoscale_script.sh: line 66: [: 166.4
137.5
156.4
133.3
155: integer expression expected
/mnt/c/Users/DELL/Hello_world/CloudProject/autoscale_script.sh: line 68: [: 166.4
137.5
156.4
133.3
155: integer expression expected
[Sun Nov  3 21:53:06 WAT 2024] Memory usage within limits.
time="2024-11-03T21:53:11+01:00" level=warning msg="/mnt/c/Users/DELL/Hello_world/CloudProject/docker-compose.yml: the attribute `version` is obsolete, it will be ignored, please remove it to avoid potential confusion"
time="2024-11-03T21:53:13+01:00" level=warning msg="/mnt/c/Users/DELL/Hello_world/CloudProject/docker-compose.yml: the attribute `version` is obsolete, it will be ignored, please remove it to avoid potential confusion"
[Sun Nov  3 21:53:14 WAT 2024] Memory: 183.9
144.8
158.5
142.3
160.6 MB, Replicas: 5
/mnt/c/Users/DELL/Hello_world/CloudProject/autoscale_script.sh: line 66: [: 183.9
144.8
158.5
142.3
160.6: integer expression expected
/mnt/c/Users/DELL/Hello_world/CloudProject/autoscale_script.sh: line 68: [: 183.9
144.8
158.5
142.3
160.6: integer expression expected
[Sun Nov  3 21:53:14 WAT 2024] Memory usage within limits.
time="2024-11-03T21:53:36+01:00" level=warning msg="/mnt/c/Users/DELL/Hello_world/CloudProject/docker-compose.yml: the attribute `version` is obsolete, it will be ignored, please remove it to avoid potential confusion"
time="2024-11-03T21:53:43+01:00" level=warning msg="/mnt/c/Users/DELL/Hello_world/CloudProject/docker-compose.yml: the attribute `version` is obsolete, it will be ignored, please remove it to avoid potential confusion"
[Sun Nov  3 21:53:44 WAT 2024] Memory: 66.75
208.3
54.17
209.6
9.215 MB, Replicas: 5
/mnt/c/Users/DELL/Hello_world/CloudProject/autoscale_script.sh: line 66: [: 66.75
208.3
54.17
209.6
9.215: integer expression expected
/mnt/c/Users/DELL/Hello_world/CloudProject/autoscale_script.sh: line 68: [: 66.75
208.3
54.17
209.6
9.215: integer expression expected
[Sun Nov  3 21:53:44 WAT 2024] Memory usage within limits.
time="2024-11-03T21:53:44+01:00" level=warning msg="/mnt/c/Users/DELL/Hello_world/CloudProject/docker-compose.yml: the attribute `version` is obsolete, it will be ignored, please remove it to avoid potential confusion"
time="2024-11-03T21:53:48+01:00" level=warning msg="/mnt/c/Users/DELL/Hello_world/CloudProject/docker-compose.yml: the attribute `version` is obsolete, it will be ignored, please remove it to avoid potential confusion"
[Sun Nov  3 21:53:49 WAT 2024] Memory: 101.3
209.8
88.71
25.36
31.03 MB, Replicas: 5
/mnt/c/Users/DELL/Hello_world/CloudProject/autoscale_script.sh: line 66: [: 101.3
209.8
88.71
25.36
31.03: integer expression expected
/mnt/c/Users/DELL/Hello_world/CloudProject/autoscale_script.sh: line 68: [: 101.3
209.8
88.71
25.36
31.03: integer expression expected
[Sun Nov  3 21:53:49 WAT 2024] Memory usage within limits.
time="2024-11-03T21:54:14+01:00" level=warning msg="/mnt/c/Users/DELL/Hello_world/CloudProject/docker-compose.yml: the attribute `version` is obsolete, it will be ignored, please remove it to avoid potential confusion"
time="2024-11-03T21:54:18+01:00" level=warning msg="/mnt/c/Users/DELL/Hello_world/CloudProject/docker-compose.yml: the attribute `version` is obsolete, it will be ignored, please remove it to avoid potential confusion"
[Sun Nov  3 21:54:18 WAT 2024] Memory: 142.1
121.6
136.8
124.7
127.5 MB, Replicas: 5
/mnt/c/Users/DELL/Hello_world/CloudProject/autoscale_script.sh: line 66: [: 142.1
121.6
136.8
124.7
127.5: integer expression expected
/mnt/c/Users/DELL/Hello_world/CloudProject/autoscale_script.sh: line 68: [: 142.1
121.6
136.8
124.7
127.5: integer expression expected
[Sun Nov  3 21:54:18 WAT 2024] Memory usage within limits.
time="2024-11-03T21:54:19+01:00" level=warning msg="/mnt/c/Users/DELL/Hello_world/CloudProject/docker-compose.yml: the attribute `version` is obsolete, it will be ignored, please remove it to avoid potential confusion"
time="2024-11-03T21:54:22+01:00" level=warning msg="/mnt/c/Users/DELL/Hello_world/CloudProject/docker-compose.yml: the attribute `version` is obsolete, it will be ignored, please remove it to avoid potential confusion"
[Sun Nov  3 21:54:23 WAT 2024] Memory: 146.4
129.2
147.9
131
132.1 MB, Replicas: 5
/mnt/c/Users/DELL/Hello_world/CloudProject/autoscale_script.sh: line 66: [: 146.4
129.2
147.9
131
132.1: integer expression expected
/mnt/c/Users/DELL/Hello_world/CloudProject/autoscale_script.sh: line 68: [: 146.4
129.2
147.9
131
132.1: integer expression expected
[Sun Nov  3 21:54:23 WAT 2024] Memory usage within limits.
time="2024-11-03T21:54:48+01:00" level=warning msg="/mnt/c/Users/DELL/Hello_world/CloudProject/docker-compose.yml: the attribute `version` is obsolete, it will be ignored, please remove it to avoid potential confusion"
time="2024-11-03T21:54:52+01:00" level=warning msg="/mnt/c/Users/DELL/Hello_world/CloudProject/docker-compose.yml: the attribute `version` is obsolete, it will be ignored, please remove it to avoid potential confusion"
[Sun Nov  3 21:54:52 WAT 2024] Memory: 194.5
160
186.7
165.9
165.1 MB, Replicas: 5
/mnt/c/Users/DELL/Hello_world/CloudProject/autoscale_script.sh: line 66: [: 194.5
160
186.7
165.9
165.1: integer expression expected
/mnt/c/Users/DELL/Hello_world/CloudProject/autoscale_script.sh: line 68: [: 194.5
160
186.7
165.9
165.1: integer expression expected
[Sun Nov  3 21:54:52 WAT 2024] Memory usage within limits.
time="2024-11-03T21:54:53+01:00" level=warning msg="/mnt/c/Users/DELL/Hello_world/CloudProject/docker-compose.yml: the attribute `version` is obsolete, it will be ignored, please remove it to avoid potential confusion"
time="2024-11-03T21:54:57+01:00" level=warning msg="/mnt/c/Users/DELL/Hello_world/CloudProject/docker-compose.yml: the attribute `version` is obsolete, it will be ignored, please remove it to avoid potential confusion"
[Sun Nov  3 21:54:57 WAT 2024] Memory: 204.3
194.9
205.5
165.9
177 MB, Replicas: 5
/mnt/c/Users/DELL/Hello_world/CloudProject/autoscale_script.sh: line 66: [: 204.3
194.9
205.5
165.9
177: integer expression expected
/mnt/c/Users/DELL/Hello_world/CloudProject/autoscale_script.sh: line 68: [: 204.3
194.9
205.5
165.9
177: integer expression expected
[Sun Nov  3 21:54:57 WAT 2024] Memory usage within limits.
time="2024-11-03T21:55:23+01:00" level=warning msg="/mnt/c/Users/DELL/Hello_world/CloudProject/docker-compose.yml: the attribute `version` is obsolete, it will be ignored, please remove it to avoid potential confusion"
time="2024-11-03T21:55:26+01:00" level=warning msg="/mnt/c/Users/DELL/Hello_world/CloudProject/docker-compose.yml: the attribute `version` is obsolete, it will be ignored, please remove it to avoid potential confusion"
[Sun Nov  3 21:55:26 WAT 2024] Memory: 65.42
211.9
126.5
92.74
82.23 MB, Replicas: 5
/mnt/c/Users/DELL/Hello_world/CloudProject/autoscale_script.sh: line 66: [: 65.42
211.9
126.5
92.74
82.23: integer expression expected
/mnt/c/Users/DELL/Hello_world/CloudProject/autoscale_script.sh: line 68: [: 65.42
211.9
126.5
92.74
82.23: integer expression expected
[Sun Nov  3 21:55:27 WAT 2024] Memory usage within limits.
time="2024-11-03T21:55:28+01:00" level=warning msg="/mnt/c/Users/DELL/Hello_world/CloudProject/docker-compose.yml: the attribute `version` is obsolete, it will be ignored, please remove it to avoid potential confusion"
time="2024-11-03T21:55:31+01:00" level=warning msg="/mnt/c/Users/DELL/Hello_world/CloudProject/docker-compose.yml: the attribute `version` is obsolete, it will be ignored, please remove it to avoid potential confusion"
[Sun Nov  3 21:55:31 WAT 2024] Memory: 101.8
211.9
136.1
119
93.83 MB, Replicas: 5
/mnt/c/Users/DELL/Hello_world/CloudProject/autoscale_script.sh: line 66: [: 101.8
211.9
136.1
119
93.83: integer expression expected
/mnt/c/Users/DELL/Hello_world/CloudProject/autoscale_script.sh: line 68: [: 101.8
211.9
136.1
119
93.83: integer expression expected
[Sun Nov  3 21:55:31 WAT 2024] Memory usage within limits.
time="2024-11-03T21:55:57+01:00" level=warning msg="/mnt/c/Users/DELL/Hello_world/CloudProject/docker-compose.yml: the attribute `version` is obsolete, it will be ignored, please remove it to avoid potential confusion"
time="2024-11-03T21:56:01+01:00" level=warning msg="/mnt/c/Users/DELL/Hello_world/CloudProject/docker-compose.yml: the attribute `version` is obsolete, it will be ignored, please remove it to avoid potential confusion"
[Sun Nov  3 21:56:01 WAT 2024] Memory: 155.1
134.9
176.7
154.3
153.6 MB, Replicas: 5
/mnt/c/Users/DELL/Hello_world/CloudProject/autoscale_script.sh: line 66: [: 155.1
134.9
176.7
154.3
153.6: integer expression expected
/mnt/c/Users/DELL/Hello_world/CloudProject/autoscale_script.sh: line 68: [: 155.1
134.9
176.7
154.3
153.6: integer expression expected
[Sun Nov  3 21:56:01 WAT 2024] Memory usage within limits.
time="2024-11-03T21:56:01+01:00" level=warning msg="/mnt/c/Users/DELL/Hello_world/CloudProject/docker-compose.yml: the attribute `version` is obsolete, it will be ignored, please remove it to avoid potential confusion"
time="2024-11-03T21:56:06+01:00" level=warning msg="/mnt/c/Users/DELL/Hello_world/CloudProject/docker-compose.yml: the attribute `version` is obsolete, it will be ignored, please remove it to avoid potential confusion"
[Sun Nov  3 21:56:06 WAT 2024] Memory: 159.3
138.2
191.5
163.4
155.8 MB, Replicas: 5
/mnt/c/Users/DELL/Hello_world/CloudProject/autoscale_script.sh: line 66: [: 159.3
138.2
191.5
163.4
155.8: integer expression expected
/mnt/c/Users/DELL/Hello_world/CloudProject/autoscale_script.sh: line 68: [: 159.3
138.2
191.5
163.4
155.8: integer expression expected
[Sun Nov  3 21:56:06 WAT 2024] Memory usage within limits.
time="2024-11-03T21:56:32+01:00" level=warning msg="/mnt/c/Users/DELL/Hello_world/CloudProject/docker-compose.yml: the attribute `version` is obsolete, it will be ignored, please remove it to avoid potential confusion"
